14:51:12 **** Incremental Build of configuration Debug for project Proprietaire_Testeur ****
make all 
Building file: ../Proprietaire_Testeur.cpp
Invoking: GCC C++ Compiler
g++ -std=c++1y -I"/home/etudiant/Bureau/tp4_jo/source" -O0 -g3 -Wall -c -fmessage-length=0 -MMD -MP -MF"Proprietaire_Testeur.d" -MT"Proprietaire_Testeur.o" -o "Proprietaire_Testeur.o" "../Proprietaire_Testeur.cpp"
Finished building: ../Proprietaire_Testeur.cpp
 
Building target: Proprietaire_Testeur
Invoking: GCC C++ Linker
g++ -L"/home/etudiant/Bureau/tp4_jo/source/Debug" -o "Proprietaire_Testeur"  ./Proprietaire_Testeur.o   -lgtest -lgtest_main -lsource -lpthread
Finished building target: Proprietaire_Testeur
 
14:51:15 **** Incremental Build of configuration Debug for project Proprietaire_Testeur ****
make all 
make: rien à faire pour « all ».
14:51:52 **** Build of configuration Debug for project main ****
make all 
make: rien à faire pour « all ».
14:51:58 **** Build of configuration Release for project source ****
make all 
make: rien à faire pour « all ».
14:51:59 **** Build of project ProprietaireGui ****
make debug 
make -f Makefile.Debug
make[1] : on entre dans le répertoire « /home/etudiant/Bureau/tp4_jo/ProprietaireGui »
make[1]: rien à faire pour « first ».
make[1] : on quitte le répertoire « /home/etudiant/Bureau/tp4_jo/ProprietaireGui »
